time=2024-08-11T17:22:43.824+05:00 level=INFO msg="Register function is starting"
time=2024-08-11T17:22:43.898+05:00 level=INFO msg="Registering user"
time=2024-08-11T17:22:43.899+05:00 level=ERROR msg="pq: relation \"users\" does not exist"
time=2024-08-11T17:22:43.899+05:00 level=ERROR msg="Error registering user" !BADKEY="pq: relation \"users\" does not exist\nfailed to register user\nAuth/service.(*UserService).Register\n\t/home/fedy/go/src/github/PersonalizedMedicineAndHealthMonitoringPlatform/auth/service/user.go:32\nAuth/api/handler.(*Handler).Register\n\t/home/fedy/go/src/github/PersonalizedMedicineAndHealthMonitoringPlatform/auth/api/handler/auth.go:48\ngithub.com/gin-gonic/gin.(*Context).Next\n\t/home/fedy/go/pkg/mod/github.com/gin-gonic/gin@v1.10.0/context.go:185\ngithub.com/gin-gonic/gin.CustomRecoveryWithWriter.func1\n\t/home/fedy/go/pkg/mod/github.com/gin-gonic/gin@v1.10.0/recovery.go:102\ngithub.com/gin-gonic/gin.(*Context).Next\n\t/home/fedy/go/pkg/mod/github.com/gin-gonic/gin@v1.10.0/context.go:185\ngithub.com/gin-gonic/gin.LoggerWithConfig.func1\n\t/home/fedy/go/pkg/mod/github.com/gin-gonic/gin@v1.10.0/logger.go:249\ngithub.com/gin-gonic/gin.(*Context).Next\n\t/home/fedy/go/pkg/mod/github.com/gin-gonic/gin@v1.10.0/context.go:185\ngithub.com/gin-gonic/gin.(*Engine).handleHTTPRequest\n\t/home/fedy/go/pkg/mod/github.com/gin-gonic/gin@v1.10.0/gin.go:633\ngithub.com/gin-gonic/gin.(*Engine).ServeHTTP\n\t/home/fedy/go/pkg/mod/github.com/gin-gonic/gin@v1.10.0/gin.go:589\nnet/http.serverHandler.ServeHTTP\n\t/usr/local/go/src/net/http/server.go:3142\nnet/http.(*conn).serve\n\t/usr/local/go/src/net/http/server.go:2044\nruntime.goexit\n\t/usr/local/go/src/runtime/asm_amd64.s:1695"
time=2024-08-11T17:26:38.206+05:00 level=INFO msg="Register function is starting"
time=2024-08-11T17:26:38.281+05:00 level=INFO msg="Registering user"
time=2024-08-11T17:26:38.283+05:00 level=INFO msg="Register has successfully finished"
time=2024-08-12T03:58:17.992+05:00 level=INFO msg="Register function is starting"
time=2024-08-12T03:58:18.041+05:00 level=INFO msg="Registering user"
time=2024-08-12T03:58:18.043+05:00 level=ERROR msg="pq: new row for relation \"users\" violates check constraint \"users_role_check\""
time=2024-08-12T03:58:18.043+05:00 level=ERROR msg="Error registering user" !BADKEY="pq: new row for relation \"users\" violates check constraint \"users_role_check\"\nfailed to register user\nAuth/service.(*UserService).Register\n\t/home/fedy/go/src/github/PersonalizedMedicineAndHealthMonitoringPlatform/auth/service/user.go:32\nAuth/api/handler.(*Handler).Register\n\t/home/fedy/go/src/github/PersonalizedMedicineAndHealthMonitoringPlatform/auth/api/handler/auth.go:48\ngithub.com/gin-gonic/gin.(*Context).Next\n\t/home/fedy/go/pkg/mod/github.com/gin-gonic/gin@v1.10.0/context.go:185\ngithub.com/gin-gonic/gin.CustomRecoveryWithWriter.func1\n\t/home/fedy/go/pkg/mod/github.com/gin-gonic/gin@v1.10.0/recovery.go:102\ngithub.com/gin-gonic/gin.(*Context).Next\n\t/home/fedy/go/pkg/mod/github.com/gin-gonic/gin@v1.10.0/context.go:185\ngithub.com/gin-gonic/gin.LoggerWithConfig.func1\n\t/home/fedy/go/pkg/mod/github.com/gin-gonic/gin@v1.10.0/logger.go:249\ngithub.com/gin-gonic/gin.(*Context).Next\n\t/home/fedy/go/pkg/mod/github.com/gin-gonic/gin@v1.10.0/context.go:185\ngithub.com/gin-gonic/gin.(*Engine).handleHTTPRequest\n\t/home/fedy/go/pkg/mod/github.com/gin-gonic/gin@v1.10.0/gin.go:633\ngithub.com/gin-gonic/gin.(*Engine).ServeHTTP\n\t/home/fedy/go/pkg/mod/github.com/gin-gonic/gin@v1.10.0/gin.go:589\nnet/http.serverHandler.ServeHTTP\n\t/usr/local/go/src/net/http/server.go:3142\nnet/http.(*conn).serve\n\t/usr/local/go/src/net/http/server.go:2044\nruntime.goexit\n\t/usr/local/go/src/runtime/asm_amd64.s:1695"
time=2024-08-12T03:58:28.533+05:00 level=INFO msg="Register function is starting"
time=2024-08-12T03:58:28.581+05:00 level=INFO msg="Registering user"
time=2024-08-12T03:58:28.582+05:00 level=ERROR msg="pq: new row for relation \"users\" violates check constraint \"users_role_check\""
time=2024-08-12T03:58:28.582+05:00 level=ERROR msg="Error registering user" !BADKEY="pq: new row for relation \"users\" violates check constraint \"users_role_check\"\nfailed to register user\nAuth/service.(*UserService).Register\n\t/home/fedy/go/src/github/PersonalizedMedicineAndHealthMonitoringPlatform/auth/service/user.go:32\nAuth/api/handler.(*Handler).Register\n\t/home/fedy/go/src/github/PersonalizedMedicineAndHealthMonitoringPlatform/auth/api/handler/auth.go:48\ngithub.com/gin-gonic/gin.(*Context).Next\n\t/home/fedy/go/pkg/mod/github.com/gin-gonic/gin@v1.10.0/context.go:185\ngithub.com/gin-gonic/gin.CustomRecoveryWithWriter.func1\n\t/home/fedy/go/pkg/mod/github.com/gin-gonic/gin@v1.10.0/recovery.go:102\ngithub.com/gin-gonic/gin.(*Context).Next\n\t/home/fedy/go/pkg/mod/github.com/gin-gonic/gin@v1.10.0/context.go:185\ngithub.com/gin-gonic/gin.LoggerWithConfig.func1\n\t/home/fedy/go/pkg/mod/github.com/gin-gonic/gin@v1.10.0/logger.go:249\ngithub.com/gin-gonic/gin.(*Context).Next\n\t/home/fedy/go/pkg/mod/github.com/gin-gonic/gin@v1.10.0/context.go:185\ngithub.com/gin-gonic/gin.(*Engine).handleHTTPRequest\n\t/home/fedy/go/pkg/mod/github.com/gin-gonic/gin@v1.10.0/gin.go:633\ngithub.com/gin-gonic/gin.(*Engine).ServeHTTP\n\t/home/fedy/go/pkg/mod/github.com/gin-gonic/gin@v1.10.0/gin.go:589\nnet/http.serverHandler.ServeHTTP\n\t/usr/local/go/src/net/http/server.go:3142\nnet/http.(*conn).serve\n\t/usr/local/go/src/net/http/server.go:2044\nruntime.goexit\n\t/usr/local/go/src/runtime/asm_amd64.s:1695"
time=2024-08-12T03:58:29.148+05:00 level=INFO msg="Register function is starting"
time=2024-08-12T03:58:29.197+05:00 level=INFO msg="Registering user"
time=2024-08-12T03:58:29.197+05:00 level=ERROR msg="pq: new row for relation \"users\" violates check constraint \"users_role_check\""
time=2024-08-12T03:58:29.197+05:00 level=ERROR msg="Error registering user" !BADKEY="pq: new row for relation \"users\" violates check constraint \"users_role_check\"\nfailed to register user\nAuth/service.(*UserService).Register\n\t/home/fedy/go/src/github/PersonalizedMedicineAndHealthMonitoringPlatform/auth/service/user.go:32\nAuth/api/handler.(*Handler).Register\n\t/home/fedy/go/src/github/PersonalizedMedicineAndHealthMonitoringPlatform/auth/api/handler/auth.go:48\ngithub.com/gin-gonic/gin.(*Context).Next\n\t/home/fedy/go/pkg/mod/github.com/gin-gonic/gin@v1.10.0/context.go:185\ngithub.com/gin-gonic/gin.CustomRecoveryWithWriter.func1\n\t/home/fedy/go/pkg/mod/github.com/gin-gonic/gin@v1.10.0/recovery.go:102\ngithub.com/gin-gonic/gin.(*Context).Next\n\t/home/fedy/go/pkg/mod/github.com/gin-gonic/gin@v1.10.0/context.go:185\ngithub.com/gin-gonic/gin.LoggerWithConfig.func1\n\t/home/fedy/go/pkg/mod/github.com/gin-gonic/gin@v1.10.0/logger.go:249\ngithub.com/gin-gonic/gin.(*Context).Next\n\t/home/fedy/go/pkg/mod/github.com/gin-gonic/gin@v1.10.0/context.go:185\ngithub.com/gin-gonic/gin.(*Engine).handleHTTPRequest\n\t/home/fedy/go/pkg/mod/github.com/gin-gonic/gin@v1.10.0/gin.go:633\ngithub.com/gin-gonic/gin.(*Engine).ServeHTTP\n\t/home/fedy/go/pkg/mod/github.com/gin-gonic/gin@v1.10.0/gin.go:589\nnet/http.serverHandler.ServeHTTP\n\t/usr/local/go/src/net/http/server.go:3142\nnet/http.(*conn).serve\n\t/usr/local/go/src/net/http/server.go:2044\nruntime.goexit\n\t/usr/local/go/src/runtime/asm_amd64.s:1695"
time=2024-08-12T03:58:29.384+05:00 level=INFO msg="Register function is starting"
time=2024-08-12T03:58:29.433+05:00 level=INFO msg="Registering user"
time=2024-08-12T03:58:29.433+05:00 level=ERROR msg="pq: new row for relation \"users\" violates check constraint \"users_role_check\""
time=2024-08-12T03:58:29.433+05:00 level=ERROR msg="Error registering user" !BADKEY="pq: new row for relation \"users\" violates check constraint \"users_role_check\"\nfailed to register user\nAuth/service.(*UserService).Register\n\t/home/fedy/go/src/github/PersonalizedMedicineAndHealthMonitoringPlatform/auth/service/user.go:32\nAuth/api/handler.(*Handler).Register\n\t/home/fedy/go/src/github/PersonalizedMedicineAndHealthMonitoringPlatform/auth/api/handler/auth.go:48\ngithub.com/gin-gonic/gin.(*Context).Next\n\t/home/fedy/go/pkg/mod/github.com/gin-gonic/gin@v1.10.0/context.go:185\ngithub.com/gin-gonic/gin.CustomRecoveryWithWriter.func1\n\t/home/fedy/go/pkg/mod/github.com/gin-gonic/gin@v1.10.0/recovery.go:102\ngithub.com/gin-gonic/gin.(*Context).Next\n\t/home/fedy/go/pkg/mod/github.com/gin-gonic/gin@v1.10.0/context.go:185\ngithub.com/gin-gonic/gin.LoggerWithConfig.func1\n\t/home/fedy/go/pkg/mod/github.com/gin-gonic/gin@v1.10.0/logger.go:249\ngithub.com/gin-gonic/gin.(*Context).Next\n\t/home/fedy/go/pkg/mod/github.com/gin-gonic/gin@v1.10.0/context.go:185\ngithub.com/gin-gonic/gin.(*Engine).handleHTTPRequest\n\t/home/fedy/go/pkg/mod/github.com/gin-gonic/gin@v1.10.0/gin.go:633\ngithub.com/gin-gonic/gin.(*Engine).ServeHTTP\n\t/home/fedy/go/pkg/mod/github.com/gin-gonic/gin@v1.10.0/gin.go:589\nnet/http.serverHandler.ServeHTTP\n\t/usr/local/go/src/net/http/server.go:3142\nnet/http.(*conn).serve\n\t/usr/local/go/src/net/http/server.go:2044\nruntime.goexit\n\t/usr/local/go/src/runtime/asm_amd64.s:1695"
time=2024-08-12T03:58:29.709+05:00 level=INFO msg="Register function is starting"
time=2024-08-12T03:58:29.757+05:00 level=INFO msg="Registering user"
time=2024-08-12T03:58:29.758+05:00 level=ERROR msg="pq: new row for relation \"users\" violates check constraint \"users_role_check\""
time=2024-08-12T03:58:29.758+05:00 level=ERROR msg="Error registering user" !BADKEY="pq: new row for relation \"users\" violates check constraint \"users_role_check\"\nfailed to register user\nAuth/service.(*UserService).Register\n\t/home/fedy/go/src/github/PersonalizedMedicineAndHealthMonitoringPlatform/auth/service/user.go:32\nAuth/api/handler.(*Handler).Register\n\t/home/fedy/go/src/github/PersonalizedMedicineAndHealthMonitoringPlatform/auth/api/handler/auth.go:48\ngithub.com/gin-gonic/gin.(*Context).Next\n\t/home/fedy/go/pkg/mod/github.com/gin-gonic/gin@v1.10.0/context.go:185\ngithub.com/gin-gonic/gin.CustomRecoveryWithWriter.func1\n\t/home/fedy/go/pkg/mod/github.com/gin-gonic/gin@v1.10.0/recovery.go:102\ngithub.com/gin-gonic/gin.(*Context).Next\n\t/home/fedy/go/pkg/mod/github.com/gin-gonic/gin@v1.10.0/context.go:185\ngithub.com/gin-gonic/gin.LoggerWithConfig.func1\n\t/home/fedy/go/pkg/mod/github.com/gin-gonic/gin@v1.10.0/logger.go:249\ngithub.com/gin-gonic/gin.(*Context).Next\n\t/home/fedy/go/pkg/mod/github.com/gin-gonic/gin@v1.10.0/context.go:185\ngithub.com/gin-gonic/gin.(*Engine).handleHTTPRequest\n\t/home/fedy/go/pkg/mod/github.com/gin-gonic/gin@v1.10.0/gin.go:633\ngithub.com/gin-gonic/gin.(*Engine).ServeHTTP\n\t/home/fedy/go/pkg/mod/github.com/gin-gonic/gin@v1.10.0/gin.go:589\nnet/http.serverHandler.ServeHTTP\n\t/usr/local/go/src/net/http/server.go:3142\nnet/http.(*conn).serve\n\t/usr/local/go/src/net/http/server.go:2044\nruntime.goexit\n\t/usr/local/go/src/runtime/asm_amd64.s:1695"
time=2024-08-12T04:00:20.196+05:00 level=INFO msg="Register function is starting"
time=2024-08-12T04:00:20.245+05:00 level=INFO msg="Registering user"
time=2024-08-12T04:00:20.245+05:00 level=ERROR msg="pq: new row for relation \"users\" violates check constraint \"users_role_check\""
time=2024-08-12T04:00:20.245+05:00 level=ERROR msg="Error registering user" !BADKEY="pq: new row for relation \"users\" violates check constraint \"users_role_check\"\nfailed to register user\nAuth/service.(*UserService).Register\n\t/home/fedy/go/src/github/PersonalizedMedicineAndHealthMonitoringPlatform/auth/service/user.go:32\nAuth/api/handler.(*Handler).Register\n\t/home/fedy/go/src/github/PersonalizedMedicineAndHealthMonitoringPlatform/auth/api/handler/auth.go:48\ngithub.com/gin-gonic/gin.(*Context).Next\n\t/home/fedy/go/pkg/mod/github.com/gin-gonic/gin@v1.10.0/context.go:185\ngithub.com/gin-gonic/gin.CustomRecoveryWithWriter.func1\n\t/home/fedy/go/pkg/mod/github.com/gin-gonic/gin@v1.10.0/recovery.go:102\ngithub.com/gin-gonic/gin.(*Context).Next\n\t/home/fedy/go/pkg/mod/github.com/gin-gonic/gin@v1.10.0/context.go:185\ngithub.com/gin-gonic/gin.LoggerWithConfig.func1\n\t/home/fedy/go/pkg/mod/github.com/gin-gonic/gin@v1.10.0/logger.go:249\ngithub.com/gin-gonic/gin.(*Context).Next\n\t/home/fedy/go/pkg/mod/github.com/gin-gonic/gin@v1.10.0/context.go:185\ngithub.com/gin-gonic/gin.(*Engine).handleHTTPRequest\n\t/home/fedy/go/pkg/mod/github.com/gin-gonic/gin@v1.10.0/gin.go:633\ngithub.com/gin-gonic/gin.(*Engine).ServeHTTP\n\t/home/fedy/go/pkg/mod/github.com/gin-gonic/gin@v1.10.0/gin.go:589\nnet/http.serverHandler.ServeHTTP\n\t/usr/local/go/src/net/http/server.go:3142\nnet/http.(*conn).serve\n\t/usr/local/go/src/net/http/server.go:2044\nruntime.goexit\n\t/usr/local/go/src/runtime/asm_amd64.s:1695"
time=2024-08-12T04:00:20.912+05:00 level=INFO msg="Register function is starting"
time=2024-08-12T04:00:20.961+05:00 level=INFO msg="Registering user"
time=2024-08-12T04:00:20.961+05:00 level=ERROR msg="pq: new row for relation \"users\" violates check constraint \"users_role_check\""
time=2024-08-12T04:00:20.961+05:00 level=ERROR msg="Error registering user" !BADKEY="pq: new row for relation \"users\" violates check constraint \"users_role_check\"\nfailed to register user\nAuth/service.(*UserService).Register\n\t/home/fedy/go/src/github/PersonalizedMedicineAndHealthMonitoringPlatform/auth/service/user.go:32\nAuth/api/handler.(*Handler).Register\n\t/home/fedy/go/src/github/PersonalizedMedicineAndHealthMonitoringPlatform/auth/api/handler/auth.go:48\ngithub.com/gin-gonic/gin.(*Context).Next\n\t/home/fedy/go/pkg/mod/github.com/gin-gonic/gin@v1.10.0/context.go:185\ngithub.com/gin-gonic/gin.CustomRecoveryWithWriter.func1\n\t/home/fedy/go/pkg/mod/github.com/gin-gonic/gin@v1.10.0/recovery.go:102\ngithub.com/gin-gonic/gin.(*Context).Next\n\t/home/fedy/go/pkg/mod/github.com/gin-gonic/gin@v1.10.0/context.go:185\ngithub.com/gin-gonic/gin.LoggerWithConfig.func1\n\t/home/fedy/go/pkg/mod/github.com/gin-gonic/gin@v1.10.0/logger.go:249\ngithub.com/gin-gonic/gin.(*Context).Next\n\t/home/fedy/go/pkg/mod/github.com/gin-gonic/gin@v1.10.0/context.go:185\ngithub.com/gin-gonic/gin.(*Engine).handleHTTPRequest\n\t/home/fedy/go/pkg/mod/github.com/gin-gonic/gin@v1.10.0/gin.go:633\ngithub.com/gin-gonic/gin.(*Engine).ServeHTTP\n\t/home/fedy/go/pkg/mod/github.com/gin-gonic/gin@v1.10.0/gin.go:589\nnet/http.serverHandler.ServeHTTP\n\t/usr/local/go/src/net/http/server.go:3142\nnet/http.(*conn).serve\n\t/usr/local/go/src/net/http/server.go:2044\nruntime.goexit\n\t/usr/local/go/src/runtime/asm_amd64.s:1695"
time=2024-08-12T04:00:36.424+05:00 level=INFO msg="Register function is starting"
time=2024-08-12T04:00:36.472+05:00 level=INFO msg="Registering user"
time=2024-08-12T04:00:36.473+05:00 level=ERROR msg="pq: new row for relation \"users\" violates check constraint \"users_role_check\""
time=2024-08-12T04:00:36.473+05:00 level=ERROR msg="Error registering user" !BADKEY="pq: new row for relation \"users\" violates check constraint \"users_role_check\"\nfailed to register user\nAuth/service.(*UserService).Register\n\t/home/fedy/go/src/github/PersonalizedMedicineAndHealthMonitoringPlatform/auth/service/user.go:32\nAuth/api/handler.(*Handler).Register\n\t/home/fedy/go/src/github/PersonalizedMedicineAndHealthMonitoringPlatform/auth/api/handler/auth.go:48\ngithub.com/gin-gonic/gin.(*Context).Next\n\t/home/fedy/go/pkg/mod/github.com/gin-gonic/gin@v1.10.0/context.go:185\ngithub.com/gin-gonic/gin.CustomRecoveryWithWriter.func1\n\t/home/fedy/go/pkg/mod/github.com/gin-gonic/gin@v1.10.0/recovery.go:102\ngithub.com/gin-gonic/gin.(*Context).Next\n\t/home/fedy/go/pkg/mod/github.com/gin-gonic/gin@v1.10.0/context.go:185\ngithub.com/gin-gonic/gin.LoggerWithConfig.func1\n\t/home/fedy/go/pkg/mod/github.com/gin-gonic/gin@v1.10.0/logger.go:249\ngithub.com/gin-gonic/gin.(*Context).Next\n\t/home/fedy/go/pkg/mod/github.com/gin-gonic/gin@v1.10.0/context.go:185\ngithub.com/gin-gonic/gin.(*Engine).handleHTTPRequest\n\t/home/fedy/go/pkg/mod/github.com/gin-gonic/gin@v1.10.0/gin.go:633\ngithub.com/gin-gonic/gin.(*Engine).ServeHTTP\n\t/home/fedy/go/pkg/mod/github.com/gin-gonic/gin@v1.10.0/gin.go:589\nnet/http.serverHandler.ServeHTTP\n\t/usr/local/go/src/net/http/server.go:3142\nnet/http.(*conn).serve\n\t/usr/local/go/src/net/http/server.go:2044\nruntime.goexit\n\t/usr/local/go/src/runtime/asm_amd64.s:1695"
time=2024-08-12T04:00:59.417+05:00 level=INFO msg="Login function is starting"
time=2024-08-12T04:00:59.417+05:00 level=INFO msg="GetUserByEmail is starting"
time=2024-08-12T04:00:59.418+05:00 level=ERROR msg="failed to get user by email: sql: no rows in result set"
time=2024-08-12T04:00:59.418+05:00 level=ERROR msg="user not found: failed to get user by email: sql: no rows in result set"
time=2024-08-12T04:02:38.835+05:00 level=INFO msg="Login function is starting"
time=2024-08-12T04:02:38.835+05:00 level=INFO msg="GetUserByEmail is starting"
time=2024-08-12T04:02:38.836+05:00 level=INFO msg="GetUserByEmail has finished"
time=2024-08-12T04:02:39.028+05:00 level=ERROR msg="invalid password: crypto/bcrypt: hashedPassword is not the hash of the given password"
time=2024-08-12T04:03:04.680+05:00 level=INFO msg="Register function is starting"
time=2024-08-12T04:03:04.729+05:00 level=INFO msg="Registering user"
time=2024-08-12T04:03:04.729+05:00 level=ERROR msg="pq: new row for relation \"users\" violates check constraint \"users_role_check\""
time=2024-08-12T04:03:04.729+05:00 level=ERROR msg="Error registering user" !BADKEY="pq: new row for relation \"users\" violates check constraint \"users_role_check\"\nfailed to register user\nAuth/service.(*UserService).Register\n\t/home/fedy/go/src/github/PersonalizedMedicineAndHealthMonitoringPlatform/auth/service/user.go:32\nAuth/api/handler.(*Handler).Register\n\t/home/fedy/go/src/github/PersonalizedMedicineAndHealthMonitoringPlatform/auth/api/handler/auth.go:48\ngithub.com/gin-gonic/gin.(*Context).Next\n\t/home/fedy/go/pkg/mod/github.com/gin-gonic/gin@v1.10.0/context.go:185\ngithub.com/gin-gonic/gin.CustomRecoveryWithWriter.func1\n\t/home/fedy/go/pkg/mod/github.com/gin-gonic/gin@v1.10.0/recovery.go:102\ngithub.com/gin-gonic/gin.(*Context).Next\n\t/home/fedy/go/pkg/mod/github.com/gin-gonic/gin@v1.10.0/context.go:185\ngithub.com/gin-gonic/gin.LoggerWithConfig.func1\n\t/home/fedy/go/pkg/mod/github.com/gin-gonic/gin@v1.10.0/logger.go:249\ngithub.com/gin-gonic/gin.(*Context).Next\n\t/home/fedy/go/pkg/mod/github.com/gin-gonic/gin@v1.10.0/context.go:185\ngithub.com/gin-gonic/gin.(*Engine).handleHTTPRequest\n\t/home/fedy/go/pkg/mod/github.com/gin-gonic/gin@v1.10.0/gin.go:633\ngithub.com/gin-gonic/gin.(*Engine).ServeHTTP\n\t/home/fedy/go/pkg/mod/github.com/gin-gonic/gin@v1.10.0/gin.go:589\nnet/http.serverHandler.ServeHTTP\n\t/usr/local/go/src/net/http/server.go:3142\nnet/http.(*conn).serve\n\t/usr/local/go/src/net/http/server.go:2044\nruntime.goexit\n\t/usr/local/go/src/runtime/asm_amd64.s:1695"
time=2024-08-13T15:26:51.832+05:00 level=INFO msg="Register function is starting"
time=2024-08-13T15:26:51.906+05:00 level=INFO msg="Registering user"
time=2024-08-13T15:26:51.911+05:00 level=INFO msg="Register has successfully finished"
time=2024-08-13T15:27:07.422+05:00 level=INFO msg="Login function is starting"
time=2024-08-13T15:27:07.422+05:00 level=INFO msg="GetUserByEmail is starting"
time=2024-08-13T15:27:07.424+05:00 level=INFO msg="GetUserByEmail has finished"
time=2024-08-13T15:27:07.498+05:00 level=INFO msg="GetUserRole is starting"
time=2024-08-13T15:27:07.499+05:00 level=INFO msg="GetUserRole has finished"
time=2024-08-13T15:27:07.499+05:00 level=INFO msg="Storing refresh token" user_id=e057438e-d490-43f0-b0fd-c4259225db7d refresh_token=eyJhbGciOiJIUzI1NiIsInR5cCI6IkpXVCJ9.eyJleHAiOjE3MjM2MzEyMjcsImlhdCI6MTcyMzU0NDgyNywidXNlcl9pZCI6ImUwNTc0MzhlLWQ0OTAtNDNmMC1iMGZkLWM0MjU5MjI1ZGI3ZCJ9.ySuKnDSarjMZmch_c4Rmj6GAblh21lCWRQu9L7jQ7ZA expiry=2024-08-14T15:27:07+05:00
time=2024-08-13T15:27:07.501+05:00 level=INFO msg="Login has successfully finished"
time=2024-08-13T15:27:55.067+05:00 level=INFO msg="FetchUsers is starting"
time=2024-08-13T15:27:55.068+05:00 level=INFO msg="FetchUsers is finished"
time=2024-08-13T15:32:21.876+05:00 level=INFO msg="FetchUsers is starting"
time=2024-08-13T15:32:21.877+05:00 level=INFO msg="FetchUsers is finished"
time=2024-08-13T17:47:55.918+05:00 level=INFO msg="Login function is starting"
time=2024-08-13T17:47:55.918+05:00 level=INFO msg="GetUserByEmail is starting"
time=2024-08-13T17:47:55.919+05:00 level=INFO msg="GetUserByEmail has finished"
time=2024-08-13T17:47:55.994+05:00 level=INFO msg="GetUserRole is starting"
time=2024-08-13T17:47:55.995+05:00 level=INFO msg="GetUserRole has finished"
time=2024-08-13T17:47:55.995+05:00 level=INFO msg="Storing refresh token" user_id=e057438e-d490-43f0-b0fd-c4259225db7d refresh_token=eyJhbGciOiJIUzI1NiIsInR5cCI6IkpXVCJ9.eyJleHAiOjE3MjM2Mzk2NzUsImlhdCI6MTcyMzU1MzI3NSwidXNlcl9pZCI6ImUwNTc0MzhlLWQ0OTAtNDNmMC1iMGZkLWM0MjU5MjI1ZGI3ZCJ9.K1RBzLtp_FWSuITj_Wdx-UJdogdqHsEb-BwCkKd__aI expiry=2024-08-14T17:47:55+05:00
time=2024-08-13T17:47:55.997+05:00 level=INFO msg="Login has successfully finished"
